app/build/outputs/logs/manifest-merger-debug-report.txt
-- Merging decision tree log ---
manifest
ADDED from src\main\AndroidManifest.xml:2:1-504:12
INJECTED from src\main\AndroidManifest.xml:2:1-504:12
INJECTED from src\main\AndroidManifest.xml:2:1-504:12
INJECTED from src\main\AndroidManifest.xml:2:1-504:12
MERGED from [:yyhttpcore] AndroidManifest.xml:2:1-18:12
MERGED from [com.android.support:multidex:1.0.3] AndroidManifest.xml:17:1-22:12
MERGED from [:viewpagerindicator] AndroidManifest.xml:2:1-17:12
MERGED from [:p2plibrary] AndroidManifest.xml:2:1-48:12
MERGED from [com.android.support:appcompat-v7:25.4.0] AndroidManifest.xml:17:1-31:12
MERGED from [com.jakewharton:butterknife:8.8.1] AndroidManifest.xml:2:1-7:12
MERGED from [com.zxy.android:tiny:0.1.0] AndroidManifest.xml:2:1-18:12
MERGED from [com.android.support:animated-vector-drawable:25.4.0] AndroidManifest.xml:17:1-28:12
MERGED from [com.android.support:support-vector-drawable:25.4.0] AndroidManifest.xml:17:1-28:12
MERGED from [com.android.support:support-v4:25.4.0] AndroidManifest.xml:17:1-31:12
MERGED from [com.android.support:support-fragment:25.4.0] AndroidManifest.xml:17:1-31:12
MERGED from [com.android.support:support-media-compat:25.4.0] AndroidManifest.xml:17:1-31:12
MERGED from [com.android.support:support-core-utils:25.4.0] AndroidManifest.xml:17:1-31:12
MERGED from [com.android.support:support-core-ui:25.4.0] AndroidManifest.xml:17:1-31:12
MERGED from [com.android.support:support-compat:25.4.0] AndroidManifest.xml:17:1-31:12
INJECTED from src\main\AndroidManifest.xml:2:1-504:12
INJECTED from src\main\AndroidManifest.xml:2:1-504:12
INJECTED from src\main\AndroidManifest.xml:2:1-504:12
	package
		ADDED from src\main\AndroidManifest.xml:4:5-30
		INJECTED from src\main\AndroidManifest.xml
		INJECTED from src\main\AndroidManifest.xml
	android:versionName
		INJECTED from src\main\AndroidManifest.xml
		ADDED from src\main\AndroidManifest.xml:2:1-504:12
		INJECTED from src\main\AndroidManifest.xml
	xmlns:tools
		ADDED from src\main\AndroidManifest.xml:3:5-51
	android:versionCode
		INJECTED from src\main\AndroidManifest.xml
		ADDED from src\main\AndroidManifest.xml:2:1-504:12
		INJECTED from src\main\AndroidManifest.xml
	xmlns:android
		ADDED from src\main\AndroidManifest.xml:2:11-69
supports-screens
ADDED from src\main\AndroidManifest.xml:6:5-11:39
MERGED from [:p2plibrary] AndroidManifest.xml:11:5-16:39
MERGED from [:p2plibrary] AndroidManifest.xml:11:5-16:39
	android:largeScreens
		ADDED from src\main\AndroidManifest.xml:8:9-36
	android:smallScreens
		ADDED from src\main\AndroidManifest.xml:11:9-36
	android:normalScreens
		ADDED from src\main\AndroidManifest.xml:9:9-37
	android:resizeable
		ADDED from src\main\AndroidManifest.xml:10:9-34
	android:anyDensity
		ADDED from src\main\AndroidManifest.xml:7:9-34
uses-permission#com.android.launcher.permission.INSTALL_SHORTCUT
ADDED from src\main\AndroidManifest.xml:13:5-88
	android:name
		ADDED from src\main\AndroidManifest.xml:13:22-85
uses-permission#com.android.launcher.permission.READ_SETTINGS
ADDED from src\main\AndroidManifest.xml:14:5-85
	android:name
		ADDED from src\main\AndroidManifest.xml:14:22-82
uses-permission#android.permission.CALL_PHONE
ADDED from src\main\AndroidManifest.xml:15:5-69
MERGED from [:p2plibrary] AndroidManifest.xml:18:5-69
MERGED from [:p2plibrary] AndroidManifest.xml:18:5-69
	android:name
		ADDED from src\main\AndroidManifest.xml:15:22-66
uses-permission#android.permission.RECORD_AUDIO
ADDED from src\main\AndroidManifest.xml:16:5-71
MERGED from [:p2plibrary] AndroidManifest.xml:27:5-71
MERGED from [:p2plibrary] AndroidManifest.xml:27:5-71
	android:name
		ADDED from src\main\AndroidManifest.xml:16:22-68
uses-permission#android.permission.ACCESS_NETWORK_STATE
ADDED from src\main\AndroidManifest.xml:17:5-79
MERGED from [:p2plibrary] AndroidManifest.xml:32:5-79
MERGED from [:p2plibrary] AndroidManifest.xml:32:5-79
	android:name
		ADDED from src\main\AndroidManifest.xml:17:22-76
uses-permission#android.permission.ACCESS_COARSE_LOCATION
ADDED from src\main\AndroidManifest.xml:18:5-81
MERGED from [:p2plibrary] AndroidManifest.xml:21:5-81
MERGED from [:p2plibrary] AndroidManifest.xml:21:5-81
	android:name
		ADDED from src\main\AndroidManifest.xml:18:22-78
uses-permission#android.permission.ACCESS_WIFI_STATE
ADDED from src\main\AndroidManifest.xml:19:5-76
MERGED from [:p2plibrary] AndroidManifest.xml:37:5-76
MERGED from [:p2plibrary] AndroidManifest.xml:37:5-76
	android:name
		ADDED from src\main\AndroidManifest.xml:19:22-73
uses-permission#android.permission.INTERNET
ADDED from src\main\AndroidManifest.xml:20:5-67
MERGED from [:yyhttpcore] AndroidManifest.xml:11:5-67
MERGED from [:yyhttpcore] AndroidManifest.xml:11:5-67
MERGED from [:p2plibrary] AndroidManifest.xml:25:5-67
MERGED from [:p2plibrary] AndroidManifest.xml:25:5-67
MERGED from [com.zxy.android:tiny:0.1.0] AndroidManifest.xml:11:5-67
MERGED from [com.zxy.android:tiny:0.1.0] AndroidManifest.xml:11:5-67
	android:name
		ADDED from src\main\AndroidManifest.xml:20:22-64
uses-permission#android.permission.READ_PHONE_STATE
ADDED from src\main\AndroidManifest.xml:21:5-75
MERGED from [:p2plibrary] AndroidManifest.xml:24:5-75
MERGED from [:p2plibrary] AndroidManifest.xml:24:5-75
	android:name
		ADDED from src\main\AndroidManifest.xml:21:22-72
uses-permission#android.permission.CAMERA
ADDED from src\main\AndroidManifest.xml:22:5-65
MERGED from [:p2plibrary] AndroidManifest.xml:19:5-65
MERGED from [:p2plibrary] AndroidManifest.xml:19:5-65
	android:name
		ADDED from src\main\AndroidManifest.xml:22:22-62
uses-permission#android.permission.WRITE_EXTERNAL_STORAGE
ADDED from src\main\AndroidManifest.xml:23:5-81
MERGED from [:p2plibrary] AndroidManifest.xml:31:5-81
MERGED from [:p2plibrary] AndroidManifest.xml:31:5-81
MERGED from [com.zxy.android:tiny:0.1.0] AndroidManifest.xml:13:5-81
MERGED from [com.zxy.android:tiny:0.1.0] AndroidManifest.xml:13:5-81
	android:name
		ADDED from src\main\AndroidManifest.xml:23:22-78
uses-permission#android.permission.GET_TASKS
ADDED from src\main\AndroidManifest.xml:24:5-68
MERGED from [:p2plibrary] AndroidManifest.xml:39:5-68
MERGED from [:p2plibrary] AndroidManifest.xml:39:5-68
	android:name
		ADDED from src\main\AndroidManifest.xml:24:22-65
uses-permission#android.permission.VIBRATE
ADDED from src\main\AndroidManifest.xml:25:5-66
MERGED from [:p2plibrary] AndroidManifest.xml:20:5-66
MERGED from [:p2plibrary] AndroidManifest.xml:20:5-66
	android:name
		ADDED from src\main\AndroidManifest.xml:25:22-63
uses-permission#android.permission.WRITE_SETTINGS
ADDED from src\main\AndroidManifest.xml:26:5-73
	android:name
		ADDED from src\main\AndroidManifest.xml:26:22-70
uses-permission#android.permission.WAKE_LOCK
ADDED from src\main\AndroidManifest.xml:27:5-68
	android:name
		ADDED from src\main\AndroidManifest.xml:27:22-65
uses-permission#android.permission.RECEIVE_BOOT_COMPLETED
ADDED from src\main\AndroidManifest.xml:28:5-81
	android:name
		ADDED from src\main\AndroidManifest.xml:28:22-78
uses-permission#android.permission.SYSTEM_ALERT_WINDOW
ADDED from src\main\AndroidManifest.xml:29:5-78
	android:name
		ADDED from src\main\AndroidManifest.xml:29:22-75
uses-permission#android.permission.SYSTEM_OVERLAY_WINDOW
ADDED from src\main\AndroidManifest.xml:30:5-80
	android:name
		ADDED from src\main\AndroidManifest.xml:30:22-77
application
ADDED from src\main\AndroidManifest.xml:53:5-502:19
MERGED from [:yyhttpcore] AndroidManifest.xml:13:5-16:19
MERGED from [:yyhttpcore] AndroidManifest.xml:13:5-16:19
MERGED from [:viewpagerindicator] AndroidManifest.xml:11:5-15:19
MERGED from [:viewpagerindicator] AndroidManifest.xml:11:5-15:19
MERGED from [:p2plibrary] AndroidManifest.xml:42:5-46:19
MERGED from [:p2plibrary] AndroidManifest.xml:42:5-46:19
MERGED from [com.android.support:appcompat-v7:25.4.0] AndroidManifest.xml:25:5-29:19
MERGED from [com.android.support:appcompat-v7:25.4.0] AndroidManifest.xml:25:5-29:19
MERGED from [com.zxy.android:tiny:0.1.0] AndroidManifest.xml:15:5-16:19
MERGED from [com.zxy.android:tiny:0.1.0] AndroidManifest.xml:15:5-16:19
MERGED from [com.android.support:animated-vector-drawable:25.4.0] AndroidManifest.xml:22:5-26:19
MERGED from [com.android.support:animated-vector-drawable:25.4.0] AndroidManifest.xml:22:5-26:19
MERGED from [com.android.support:support-vector-drawable:25.4.0] AndroidManifest.xml:22:5-26:19
MERGED from [com.android.support:support-vector-drawable:25.4.0] AndroidManifest.xml:22:5-26:19
MERGED from [com.android.support:support-v4:25.4.0] AndroidManifest.xml:25:5-29:19
MERGED from [com.android.support:support-v4:25.4.0] AndroidManifest.xml:25:5-29:19
MERGED from [com.android.support:support-fragment:25.4.0] AndroidManifest.xml:25:5-29:19
MERGED from [com.android.support:support-fragment:25.4.0] AndroidManifest.xml:25:5-29:19
MERGED from [com.android.support:support-media-compat:25.4.0] AndroidManifest.xml:25:5-29:19
MERGED from [com.android.support:support-media-compat:25.4.0] AndroidManifest.xml:25:5-29:19
MERGED from [com.android.support:support-core-utils:25.4.0] AndroidManifest.xml:25:5-29:19
MERGED from [com.android.support:support-core-utils:25.4.0] AndroidManifest.xml:25:5-29:19
MERGED from [com.android.support:support-core-ui:25.4.0] AndroidManifest.xml:25:5-29:19
MERGED from [com.android.support:support-core-ui:25.4.0] AndroidManifest.xml:25:5-29:19
MERGED from [com.android.support:support-compat:25.4.0] AndroidManifest.xml:25:5-29:19
MERGED from [com.android.support:support-compat:25.4.0] AndroidManifest.xml:25:5-29:19
	android:supportsRtl
		ADDED from src\main\AndroidManifest.xml:58:9-35
	android:label
		ADDED from src\main\AndroidManifest.xml:57:9-41
	xmlns:tools
		ADDED from src\main\AndroidManifest.xml:53:18-64
	android:icon
		ADDED from src\main\AndroidManifest.xml:56:9-41
	android:allowBackup
		ADDED from src\main\AndroidManifest.xml:55:9-35
	android:theme
		ADDED from src\main\AndroidManifest.xml:59:9-40
	tools:replace
		ADDED from src\main\AndroidManifest.xml:60:9-52
	android:name
		ADDED from src\main\AndroidManifest.xml:54:9-54
activity#com.app.itserv.activity.SplashActivity
ADDED from src\main\AndroidManifest.xml:61:9-72:20
	android:screenOrientation
		ADDED from src\main\AndroidManifest.xml:65:13-49
	android:label
		ADDED from src\main\AndroidManifest.xml:64:13-45
	android:configChanges
		ADDED from src\main\AndroidManifest.xml:63:13-63
	android:theme
		ADDED from src\main\AndroidManifest.xml:66:13-39
	android:name
		ADDED from src\main\AndroidManifest.xml:62:13-66
intent-filter#action:name:android.intent.action.MAIN+category:name:android.intent.category.LAUNCHER
ADDED from src\main\AndroidManifest.xml:67:13-71:29
action#android.intent.action.MAIN
ADDED from src\main\AndroidManifest.xml:68:17-69
	android:name
		ADDED from src\main\AndroidManifest.xml:68:25-66
category#android.intent.category.LAUNCHER
ADDED from src\main\AndroidManifest.xml:70:17-77
	android:name
		ADDED from src\main\AndroidManifest.xml:70:27-74
activity#com.app.itserv.activity.AddAlarmNumberActivity
ADDED from src\main\AndroidManifest.xml:73:9-77:76
	android:screenOrientation
		ADDED from src\main\AndroidManifest.xml:75:13-49
	android:windowSoftInputMode
		ADDED from src\main\AndroidManifest.xml:77:13-73
	android:theme
		ADDED from src\main\AndroidManifest.xml:76:13-49
	android:name
		ADDED from src\main\AndroidManifest.xml:74:13-74
activity#com.app.itserv.activity.ShedActivity
ADDED from src\main\AndroidManifest.xml:78:9-82:76
	android:screenOrientation
		ADDED from src\main\AndroidManifest.xml:80:13-49
	android:windowSoftInputMode
		ADDED from src\main\AndroidManifest.xml:82:13-73
	android:theme
		ADDED from src\main\AndroidManifest.xml:81:13-52
	android:name
		ADDED from src\main\AndroidManifest.xml:79:13-64
activity#com.app.itserv.activity.HomeActivity
ADDED from src\main\AndroidManifest.xml:83:9-89:76
	android:screenOrientation
		ADDED from src\main\AndroidManifest.xml:87:13-49
	android:launchMode
		ADDED from src\main\AndroidManifest.xml:86:13-43
	android:hardwareAccelerated
		ADDED from src\main\AndroidManifest.xml:85:13-48
	android:windowSoftInputMode
		ADDED from src\main\AndroidManifest.xml:89:13-73
	android:theme
		ADDED from src\main\AndroidManifest.xml:88:13-52
	android:name
		ADDED from src\main\AndroidManifest.xml:84:13-64
activity#com.app.itserv.activity.FeedbackActivity
ADDED from src\main\AndroidManifest.xml:90:9-94:76
	android:screenOrientation
		ADDED from src\main\AndroidManifest.xml:93:13-49
	android:launchMode
		ADDED from src\main\AndroidManifest.xml:92:13-44
	android:windowSoftInputMode
		ADDED from src\main\AndroidManifest.xml:94:13-73
	android:name
		ADDED from src\main\AndroidManifest.xml:91:13-68
activity#com.app.itserv.activity.WebViewActivity
ADDED from src\main\AndroidManifest.xml:95:9-99:76
	android:screenOrientation
		ADDED from src\main\AndroidManifest.xml:98:13-49
	android:launchMode
		ADDED from src\main\AndroidManifest.xml:97:13-44
	android:windowSoftInputMode
		ADDED from src\main\AndroidManifest.xml:99:13-73
	android:name
		ADDED from src\main\AndroidManifest.xml:96:13-67
activity#com.app.itserv.activity.NewsContentActivity
ADDED from src\main\AndroidManifest.xml:100:9-104:76
	android:screenOrientation
		ADDED from src\main\AndroidManifest.xml:103:13-49
	android:launchMode
		ADDED from src\main\AndroidManifest.xml:102:13-44
	android:windowSoftInputMode
		ADDED from src\main\AndroidManifest.xml:104:13-73
	android:name
		ADDED from src\main\AndroidManifest.xml:101:13-71
activity#com.app.itserv.activity.GuideActivity
ADDED from src\main\AndroidManifest.xml:105:9-108:76
	android:screenOrientation
		ADDED from src\main\AndroidManifest.xml:107:13-49
	android:windowSoftInputMode
		ADDED from src\main\AndroidManifest.xml:108:13-73
	android:name
		ADDED from src\main\AndroidManifest.xml:106:13-65
activity#com.app.itserv.activity.AboutActivity
ADDED from src\main\AndroidManifest.xml:109:9-113:76
	android:screenOrientation
		ADDED from src\main\AndroidManifest.xml:112:13-49
	android:launchMode
		ADDED from src\main\AndroidManifest.xml:111:13-44
	android:windowSoftInputMode
		ADDED from src\main\AndroidManifest.xml:113:13-73
	android:name
		ADDED from src\main\AndroidManifest.xml:110:13-65
activity#com.app.itserv.activity.AlarmNumberActivity
ADDED from src\main\AndroidManifest.xml:114:9-117:76
	android:screenOrientation
		ADDED from src\main\AndroidManifest.xml:116:13-49
	android:windowSoftInputMode
		ADDED from src\main\AndroidManifest.xml:117:13-73
	android:name
		ADDED from src\main\AndroidManifest.xml:115:13-71
activity#com.app.itserv.activity.MyEventActivity
ADDED from src\main\AndroidManifest.xml:118:9-123:76
	android:screenOrientation
		ADDED from src\main\AndroidManifest.xml:121:13-49
	android:launchMode
		ADDED from src\main\AndroidManifest.xml:120:13-44
	android:windowSoftInputMode
		ADDED from src\main\AndroidManifest.xml:123:13-73
	android:theme
		ADDED from src\main\AndroidManifest.xml:122:13-52
	android:name
		ADDED from src\main\AndroidManifest.xml:119:13-67
activity#com.app.itserv.activity.ChangePasswordActivity
ADDED from src\main\AndroidManifest.xml:124:9-127:76
	android:screenOrientation
		ADDED from src\main\AndroidManifest.xml:126:13-49
	android:windowSoftInputMode
		ADDED from src\main\AndroidManifest.xml:127:13-73
	android:name
		ADDED from src\main\AndroidManifest.xml:125:13-74
activity#com.app.itserv.activity.GetLimitActivity
ADDED from src\main\AndroidManifest.xml:128:9-131:76
	android:screenOrientation
		ADDED from src\main\AndroidManifest.xml:130:13-49
	android:windowSoftInputMode
		ADDED from src\main\AndroidManifest.xml:131:13-73
	android:name
		ADDED from src\main\AndroidManifest.xml:129:13-68
activity#com.app.itserv.activity.SmartLimitDetailActivity
ADDED from src\main\AndroidManifest.xml:132:9-135:76
	android:screenOrientation
		ADDED from src\main\AndroidManifest.xml:134:13-49
	android:windowSoftInputMode
		ADDED from src\main\AndroidManifest.xml:135:13-73
	android:name
		ADDED from src\main\AndroidManifest.xml:133:13-76
activity#com.app.itserv.activity.LoginActivity
ADDED from src\main\AndroidManifest.xml:139:9-142:73
	android:screenOrientation
		ADDED from src\main\AndroidManifest.xml:141:13-49
	android:windowSoftInputMode
		ADDED from src\main\AndroidManifest.xml:142:13-70
	android:name
		ADDED from src\main\AndroidManifest.xml:140:13-65
activity#com.app.itserv.activity.RegisterActivity
ADDED from src\main\AndroidManifest.xml:143:9-147:76
	android:screenOrientation
		ADDED from src\main\AndroidManifest.xml:146:13-49
	android:hardwareAccelerated
		ADDED from src\main\AndroidManifest.xml:145:13-48
	android:windowSoftInputMode
		ADDED from src\main\AndroidManifest.xml:147:13-73
	android:name
		ADDED from src\main\AndroidManifest.xml:144:13-68
activity#com.app.itserv.activity.ResetPasswordActivity
ADDED from src\main\AndroidManifest.xml:148:9-151:76
	android:screenOrientation
		ADDED from src\main\AndroidManifest.xml:150:13-49
	android:windowSoftInputMode
		ADDED from src\main\AndroidManifest.xml:151:13-73
	android:name
		ADDED from src\main\AndroidManifest.xml:149:13-73
activity#com.app.itserv.activity.ContactTitleActivity
ADDED from src\main\AndroidManifest.xml:152:9-156:76
	android:screenOrientation
		ADDED from src\main\AndroidManifest.xml:154:13-49
	android:windowSoftInputMode
		ADDED from src\main\AndroidManifest.xml:156:13-73
	android:theme
		ADDED from src\main\AndroidManifest.xml:155:13-42
	android:name
		ADDED from src\main\AndroidManifest.xml:153:13-72
activity#com.app.itserv.activity.AddressLinkageActivity
ADDED from src\main\AndroidManifest.xml:157:9-161:76
	android:screenOrientation
		ADDED from src\main\AndroidManifest.xml:159:13-49
	android:windowSoftInputMode
		ADDED from src\main\AndroidManifest.xml:161:13-73
	android:theme
		ADDED from src\main\AndroidManifest.xml:160:13-72
	android:name
		ADDED from src\main\AndroidManifest.xml:158:13-74
activity#com.app.itserv.activity.ConverSationsActivity
ADDED from src\main\AndroidManifest.xml:162:9-165:76
	android:screenOrientation
		ADDED from src\main\AndroidManifest.xml:164:13-49
	android:windowSoftInputMode
		ADDED from src\main\AndroidManifest.xml:165:13-73
	android:name
		ADDED from src\main\AndroidManifest.xml:163:13-73
activity#com.app.itserv.activity.ShareActivity
ADDED from src\main\AndroidManifest.xml:166:9-169:76
	android:screenOrientation
		ADDED from src\main\AndroidManifest.xml:168:13-49
	android:windowSoftInputMode
		ADDED from src\main\AndroidManifest.xml:169:13-73
	android:name
		ADDED from src\main\AndroidManifest.xml:167:13-65
activity#com.app.itserv.activity.ProtocolActivity
ADDED from src\main\AndroidManifest.xml:170:9-173:76
	android:screenOrientation
		ADDED from src\main\AndroidManifest.xml:172:13-49
	android:windowSoftInputMode
		ADDED from src\main\AndroidManifest.xml:173:13-73
	android:name
		ADDED from src\main\AndroidManifest.xml:171:13-68
activity#com.app.itserv.activity.MerchantInfoActivity
ADDED from src\main\AndroidManifest.xml:174:9-177:76
	android:screenOrientation
		ADDED from src\main\AndroidManifest.xml:176:13-49
	android:windowSoftInputMode
		ADDED from src\main\AndroidManifest.xml:177:13-73
	android:name
		ADDED from src\main\AndroidManifest.xml:175:13-72
activity#com.app.itserv.activity.StaffManageActivity
ADDED from src\main\AndroidManifest.xml:178:9-181:76
	android:screenOrientation
		ADDED from src\main\AndroidManifest.xml:180:13-49
	android:windowSoftInputMode
		ADDED from src\main\AndroidManifest.xml:181:13-73
	android:name
		ADDED from src\main\AndroidManifest.xml:179:13-71
activity#com.app.itserv.activity.UserManagerActivity
ADDED from src\main\AndroidManifest.xml:182:9-185:76
	android:screenOrientation
		ADDED from src\main\AndroidManifest.xml:184:13-49
	android:windowSoftInputMode
		ADDED from src\main\AndroidManifest.xml:185:13-73
	android:name
		ADDED from src\main\AndroidManifest.xml:183:13-71
activity#com.app.itserv.activity.UserAddandEditActivity
ADDED from src\main\AndroidManifest.xml:186:9-189:76
	android:screenOrientation
		ADDED from src\main\AndroidManifest.xml:188:13-49
	android:windowSoftInputMode
		ADDED from src\main\AndroidManifest.xml:189:13-73
	android:name
		ADDED from src\main\AndroidManifest.xml:187:13-74
activity#com.app.itserv.activity.UserGreenHouseActivity
ADDED from src\main\AndroidManifest.xml:190:9-193:76
	android:screenOrientation
		ADDED from src\main\AndroidManifest.xml:192:13-49
	android:windowSoftInputMode
		ADDED from src\main\AndroidManifest.xml:193:13-73
	android:name
		ADDED from src\main\AndroidManifest.xml:191:13-74
activity#com.app.itserv.activity.RoleManagerActivity
ADDED from src\main\AndroidManifest.xml:194:9-197:76
	android:screenOrientation
		ADDED from src\main\AndroidManifest.xml:196:13-49
	android:windowSoftInputMode
		ADDED from src\main\AndroidManifest.xml:197:13-73
	android:name
		ADDED from src\main\AndroidManifest.xml:195:13-71
activity#com.app.itserv.activity.RoleAddandEditActivity
ADDED from src\main\AndroidManifest.xml:198:9-201:76
	android:screenOrientation
		ADDED from src\main\AndroidManifest.xml:200:13-49
	android:windowSoftInputMode
		ADDED from src\main\AndroidManifest.xml:201:13-73
	android:name
		ADDED from src\main\AndroidManifest.xml:199:13-74
activity#com.app.itserv.activity.UserRoleOrganizaActivity
ADDED from src\main\AndroidManifest.xml:202:9-205:76
	android:screenOrientation
		ADDED from src\main\AndroidManifest.xml:204:13-49
	android:windowSoftInputMode
		ADDED from src\main\AndroidManifest.xml:205:13-73
	android:name
		ADDED from src\main\AndroidManifest.xml:203:13-76
activity#com.app.itserv.activity.OrganizationActivity
ADDED from src\main\AndroidManifest.xml:206:9-209:76
	android:screenOrientation
		ADDED from src\main\AndroidManifest.xml:208:13-49
	android:windowSoftInputMode
		ADDED from src\main\AndroidManifest.xml:209:13-73
	android:name
		ADDED from src\main\AndroidManifest.xml:207:13-72
activity#com.app.itserv.activity.OrganizaAddandEditActivity
ADDED from src\main\AndroidManifest.xml:210:9-213:76
	android:screenOrientation
		ADDED from src\main\AndroidManifest.xml:212:13-49
	android:windowSoftInputMode
		ADDED from src\main\AndroidManifest.xml:213:13-73
	android:name
		ADDED from src\main\AndroidManifest.xml:211:13-78
activity#com.app.itserv.activity.BaseManagerActivity
ADDED from src\main\AndroidManifest.xml:214:9-217:76
	android:screenOrientation
		ADDED from src\main\AndroidManifest.xml:216:13-49
	android:windowSoftInputMode
		ADDED from src\main\AndroidManifest.xml:217:13-73
	android:name
		ADDED from src\main\AndroidManifest.xml:215:13-71
activity#com.app.itserv.activity.BaseAddandEditActivity
ADDED from src\main\AndroidManifest.xml:218:9-221:76
	android:screenOrientation
		ADDED from src\main\AndroidManifest.xml:220:13-49
	android:windowSoftInputMode
		ADDED from src\main\AndroidManifest.xml:221:13-73
	android:name
		ADDED from src\main\AndroidManifest.xml:219:13-74
activity#com.app.itserv.activity.BaseViewActivity
ADDED from src\main\AndroidManifest.xml:222:9-225:76
	android:screenOrientation
		ADDED from src\main\AndroidManifest.xml:224:13-49
	android:windowSoftInputMode
		ADDED from src\main\AndroidManifest.xml:225:13-73
	android:name
		ADDED from src\main\AndroidManifest.xml:223:13-68
activity#com.app.itserv.activity.BaseSortActivity
ADDED from src\main\AndroidManifest.xml:226:9-229:76
	android:screenOrientation
		ADDED from src\main\AndroidManifest.xml:228:13-49
	android:windowSoftInputMode
		ADDED from src\main\AndroidManifest.xml:229:13-73
	android:name
		ADDED from src\main\AndroidManifest.xml:227:13-68
activity#com.app.itserv.activity.BoundGreenHouseActivity
ADDED from src\main\AndroidManifest.xml:230:9-233:76
	android:screenOrientation
		ADDED from src\main\AndroidManifest.xml:232:13-49
	android:windowSoftInputMode
		ADDED from src\main\AndroidManifest.xml:233:13-73
	android:name
		ADDED from src\main\AndroidManifest.xml:231:13-75
activity#com.app.itserv.activity.GreenHouseSortActivity
ADDED from src\main\AndroidManifest.xml:234:9-237:76
	android:screenOrientation
		ADDED from src\main\AndroidManifest.xml:236:13-49
	android:windowSoftInputMode
		ADDED from src\main\AndroidManifest.xml:237:13-73
	android:name
		ADDED from src\main\AndroidManifest.xml:235:13-74
activity#com.app.itserv.activity.GreenHouseManagerActivity
ADDED from src\main\AndroidManifest.xml:238:9-241:76
	android:screenOrientation
		ADDED from src\main\AndroidManifest.xml:240:13-49
	android:windowSoftInputMode
		ADDED from src\main\AndroidManifest.xml:241:13-73
	android:name
		ADDED from src\main\AndroidManifest.xml:239:13-77
activity#com.app.itserv.activity.GreenHouseAddEditActivity
ADDED from src\main\AndroidManifest.xml:242:9-245:76
	android:screenOrientation
		ADDED from src\main\AndroidManifest.xml:244:13-49
	android:windowSoftInputMode
		ADDED from src\main\AndroidManifest.xml:245:13-73
	android:name
		ADDED from src\main\AndroidManifest.xml:243:13-77
activity#com.app.itserv.activity.GreenHouseViewActivity
ADDED from src\main\AndroidManifest.xml:246:9-249:76
	android:screenOrientation
		ADDED from src\main\AndroidManifest.xml:248:13-49
	android:windowSoftInputMode
		ADDED from src\main\AndroidManifest.xml:249:13-73
	android:name
		ADDED from src\main\AndroidManifest.xml:247:13-74
activity#com.app.itserv.activity.GreenHouseImgManagerActivity
ADDED from src\main\AndroidManifest.xml:250:9-253:76
	android:screenOrientation
		ADDED from src\main\AndroidManifest.xml:252:13-49
	android:windowSoftInputMode
		ADDED from src\main\AndroidManifest.xml:253:13-73
	android:name
		ADDED from src\main\AndroidManifest.xml:251:13-80
activity#com.app.itserv.activity.GreenHouseImgEditActivity
ADDED from src\main\AndroidManifest.xml:254:9-257:76
	android:screenOrientation
		ADDED from src\main\AndroidManifest.xml:256:13-49
	android:windowSoftInputMode
		ADDED from src\main\AndroidManifest.xml:257:13-73
	android:name
		ADDED from src\main\AndroidManifest.xml:255:13-77
activity#com.app.itserv.activity.GreenHouseGateManagerActivity
ADDED from src\main\AndroidManifest.xml:258:9-261:76
	android:screenOrientation
		ADDED from src\main\AndroidManifest.xml:260:13-49
	android:windowSoftInputMode
		ADDED from src\main\AndroidManifest.xml:261:13-73
	android:name
		ADDED from src\main\AndroidManifest.xml:259:13-81
activity#com.app.itserv.activity.GreenHouseGateBindActivity
ADDED from src\main\AndroidManifest.xml:262:9-265:76
	android:screenOrientation
		ADDED from src\main\AndroidManifest.xml:264:13-49
	android:windowSoftInputMode
		ADDED from src\main\AndroidManifest.xml:265:13-73
	android:name
		ADDED from src\main\AndroidManifest.xml:263:13-78
activity#com.app.itserv.activity.GateDetailsActivity
ADDED from src\main\AndroidManifest.xml:266:9-269:76
	android:screenOrientation
		ADDED from src\main\AndroidManifest.xml:268:13-49
	android:windowSoftInputMode
		ADDED from src\main\AndroidManifest.xml:269:13-73
	android:name
		ADDED from src\main\AndroidManifest.xml:267:13-71
activity#com.app.itserv.activity.MigrationDataActivity
ADDED from src\main\AndroidManifest.xml:270:9-274:76
	android:screenOrientation
		ADDED from src\main\AndroidManifest.xml:272:13-49
	android:windowSoftInputMode
		ADDED from src\main\AndroidManifest.xml:274:13-73
	android:theme
		ADDED from src\main\AndroidManifest.xml:273:13-55
	android:name
		ADDED from src\main\AndroidManifest.xml:271:13-73
activity#com.app.itserv.activity.GreenHouseGateUnbindActivity
ADDED from src\main\AndroidManifest.xml:275:9-278:76
	android:screenOrientation
		ADDED from src\main\AndroidManifest.xml:277:13-49
	android:windowSoftInputMode
		ADDED from src\main\AndroidManifest.xml:278:13-73
	android:name
		ADDED from src\main\AndroidManifest.xml:276:13-80
activity#com.app.itserv.activity.GreenHouseGateEnableActivity
ADDED from src\main\AndroidManifest.xml:279:9-282:76
	android:screenOrientation
		ADDED from src\main\AndroidManifest.xml:281:13-49
	android:windowSoftInputMode
		ADDED from src\main\AndroidManifest.xml:282:13-73
	android:name
		ADDED from src\main\AndroidManifest.xml:280:13-80
activity#com.app.itserv.activity.GreenHouseGateDisableActivity
ADDED from src\main\AndroidManifest.xml:283:9-286:76
	android:screenOrientation
		ADDED from src\main\AndroidManifest.xml:285:13-49
	android:windowSoftInputMode
		ADDED from src\main\AndroidManifest.xml:286:13-73
	android:name
		ADDED from src\main\AndroidManifest.xml:284:13-81
activity#com.app.itserv.activity.GreenHouseEmployeeManagerActivity
ADDED from src\main\AndroidManifest.xml:287:9-290:76
	android:screenOrientation
		ADDED from src\main\AndroidManifest.xml:289:13-49
	android:windowSoftInputMode
		ADDED from src\main\AndroidManifest.xml:290:13-73
	android:name
		ADDED from src\main\AndroidManifest.xml:288:13-85
activity#com.app.itserv.activity.GreenHouseExamineEmployeeManagerActivity
ADDED from src\main\AndroidManifest.xml:291:9-294:76
	android:screenOrientation
		ADDED from src\main\AndroidManifest.xml:293:13-49
	android:windowSoftInputMode
		ADDED from src\main\AndroidManifest.xml:294:13-73
	android:name
		ADDED from src\main\AndroidManifest.xml:292:13-92
activity#com.app.itserv.activity.GreenHouseDistriManagerActivity
ADDED from src\main\AndroidManifest.xml:295:9-298:76
	android:screenOrientation
		ADDED from src\main\AndroidManifest.xml:297:13-49
	android:windowSoftInputMode
		ADDED from src\main\AndroidManifest.xml:298:13-73
	android:name
		ADDED from src\main\AndroidManifest.xml:296:13-83
activity#com.app.itserv.activity.EquipmentManagerActivity
ADDED from src\main\AndroidManifest.xml:299:9-302:76
	android:screenOrientation
		ADDED from src\main\AndroidManifest.xml:301:13-49
	android:windowSoftInputMode
		ADDED from src\main\AndroidManifest.xml:302:13-73
	android:name
		ADDED from src\main\AndroidManifest.xml:300:13-76
activity#com.app.itserv.activity.FarmingManageActivity
ADDED from src\main\AndroidManifest.xml:303:9-306:76
	android:screenOrientation
		ADDED from src\main\AndroidManifest.xml:305:13-49
	android:windowSoftInputMode
		ADDED from src\main\AndroidManifest.xml:306:13-73
	android:name